<?xml version="1.0" encoding="UTF-8"?>
<!-- Generated by org.testng.reporters.JUnitXMLReporter -->
<testsuite hostname="DESKTOP-HJBVMJK" name="Test" tests="6" failures="0" timestamp="22 Jul 2021 10:58:19 GMT" time="0.062" errors="0">
  <testcase name="compose" time="0.009" classname="testng.dependency"/>
  <testcase name="sentitems" time="0.002" classname="testng.dependency"/>
  <testcase name="trash" time="0.001" classname="testng.dependency"/>
  <testcase name="test2" time="0.002" classname="testng.sample"/>
  <testcase name="test2" time="0.002" classname="testng.sample"/>
  <testcase name="test2" time="0.002" classname="testng.sample"/>
</testsuite> <!-- Test -->
