<?xml version="1.0" encoding="UTF-8"?>
<testng-results skipped="0" failed="0" total="3" passed="3">
  <reporter-output>
    <line>
      <![CDATA[2]]>
    </line>
    <line>
      <![CDATA[2]]>
    </line>
    <line>
      <![CDATA[2]]>
    </line>
  </reporter-output>
  <suite name="Default suite" duration-ms="1364" started-at="2021-08-11T08:59:55Z" finished-at="2021-08-11T08:59:56Z">
    <groups>
    </groups>
    <test name="Default test" duration-ms="1364" started-at="2021-08-11T08:59:55Z" finished-at="2021-08-11T08:59:56Z">
      <class name="testng.sample">
        <test-method status="PASS" signature="test2()[pri:2, instance:testng.sample@2ef5e5e3]" name="test2" duration-ms="91" started-at="2021-08-11T14:29:56Z" finished-at="2021-08-11T14:29:56Z">
          <reporter-output>
            <line>
              <![CDATA[2]]>
            </line>
          </reporter-output>
        </test-method> <!-- test2 -->
        <test-method status="PASS" signature="test2()[pri:2, instance:testng.sample@2ef5e5e3]" name="test2" duration-ms="17" started-at="2021-08-11T14:29:56Z" finished-at="2021-08-11T14:29:56Z">
          <reporter-output>
            <line>
              <![CDATA[2]]>
            </line>
          </reporter-output>
        </test-method> <!-- test2 -->
        <test-method status="PASS" signature="test2()[pri:2, instance:testng.sample@2ef5e5e3]" name="test2" duration-ms="10" started-at="2021-08-11T14:29:56Z" finished-at="2021-08-11T14:29:56Z">
          <reporter-output>
            <line>
              <![CDATA[2]]>
            </line>
          </reporter-output>
        </test-method> <!-- test2 -->
      </class> <!-- testng.sample -->
    </test> <!-- Default test -->
  </suite> <!-- Default suite -->
</testng-results>
